[debug] [2020-10-20T16:56:43.948Z] ----------------------------------------------------------------------
[debug] [2020-10-20T16:56:43.956Z] Command:       C:\Program Files\nodejs\node.exe C:\Users\Ghost\AppData\Roaming\npm\node_modules\firebase-tools\lib\bin\firebase.js deploy
[debug] [2020-10-20T16:56:43.957Z] CLI Version:   8.9.0
[debug] [2020-10-20T16:56:43.957Z] Platform:      win32
[debug] [2020-10-20T16:56:43.957Z] Node Version:  v12.18.0
[debug] [2020-10-20T16:56:44.059Z] Time:          Tue Oct 20 2020 09:56:43 GMT-0700 (Pacific Daylight Time)
[debug] [2020-10-20T16:56:44.060Z] ----------------------------------------------------------------------
[debug] [2020-10-20T16:56:44.061Z] 
[debug] [2020-10-20T16:56:44.189Z] > command requires scopes: ["email","openid","https://www.googleapis.com/auth/cloudplatformprojects.readonly","https://www.googleapis.com/auth/firebase","https://www.googleapis.com/auth/cloud-platform"]
[debug] [2020-10-20T16:56:44.191Z] > authorizing via signed-in user
[debug] [2020-10-20T16:56:44.192Z] [iam] checking project hotblock-48cbf for permissions ["firebase.projects.get","firebasehosting.sites.update"]
[debug] [2020-10-20T16:56:44.199Z] > refreshing access token with scopes: ["email","https://www.googleapis.com/auth/cloud-platform","https://www.googleapis.com/auth/cloudplatformprojects.readonly","https://www.googleapis.com/auth/firebase","openid"]
[debug] [2020-10-20T16:56:44.200Z] >>> HTTP REQUEST POST https://www.googleapis.com/oauth2/v3/token  
 <request body omitted>
[debug] [2020-10-20T16:56:45.310Z] <<< HTTP RESPONSE 200 {"expires":"Mon, 01 Jan 1990 00:00:00 GMT","date":"Tue, 20 Oct 2020 16:56:45 GMT","cache-control":"no-cache, no-store, max-age=0, must-revalidate","pragma":"no-cache","content-type":"application/json; charset=utf-8","vary":"X-Origin, Referer, Origin,Accept-Encoding","server":"scaffolding on HTTPServer2","x-xss-protection":"0","x-frame-options":"SAMEORIGIN","x-content-type-options":"nosniff","alt-svc":"h3-Q050=\":443\"; ma=2592000,h3-29=\":443\"; ma=2592000,h3-27=\":443\"; ma=2592000,h3-T051=\":443\"; ma=2592000,h3-T050=\":443\"; ma=2592000,h3-Q046=\":443\"; ma=2592000,h3-Q043=\":443\"; ma=2592000,quic=\":443\"; ma=2592000; v=\"46,43\"","accept-ranges":"none","transfer-encoding":"chunked"}
[debug] [2020-10-20T16:56:45.389Z] >>> HTTP REQUEST POST https://cloudresourcemanager.googleapis.com/v1/projects/hotblock-48cbf:testIamPermissions  
 {"permissions":["firebase.projects.get","firebasehosting.sites.update"]}
[debug] [2020-10-20T16:56:47.587Z] <<< HTTP RESPONSE 200 {"content-type":"application/json; charset=UTF-8","vary":"X-Origin, Referer, Origin,Accept-Encoding","date":"Tue, 20 Oct 2020 16:56:48 GMT","server":"ESF","cache-control":"private","x-xss-protection":"0","x-frame-options":"SAMEORIGIN","x-content-type-options":"nosniff","server-timing":"gfet4t7; dur=1136","alt-svc":"h3-Q050=\":443\"; ma=2592000,h3-29=\":443\"; ma=2592000,h3-27=\":443\"; ma=2592000,h3-T051=\":443\"; ma=2592000,h3-T050=\":443\"; ma=2592000,h3-Q046=\":443\"; ma=2592000,h3-Q043=\":443\"; ma=2592000,quic=\":443\"; ma=2592000; v=\"46,43\"","accept-ranges":"none","transfer-encoding":"chunked"}
[debug] [2020-10-20T16:56:47.591Z] >>> HTTP REQUEST GET https://firebase.googleapis.com/v1beta1/projects/hotblock-48cbf  
 
[debug] [2020-10-20T16:56:49.839Z] <<< HTTP RESPONSE 200 {"content-type":"application/json; charset=UTF-8","vary":"X-Origin, Referer, Origin,Accept-Encoding","date":"Tue, 20 Oct 2020 16:56:49 GMT","server":"ESF","cache-control":"private","x-xss-protection":"0","x-frame-options":"SAMEORIGIN","x-content-type-options":"nosniff","alt-svc":"h3-Q050=\":443\"; ma=2592000,h3-29=\":443\"; ma=2592000,h3-27=\":443\"; ma=2592000,h3-T051=\":443\"; ma=2592000,h3-T050=\":443\"; ma=2592000,h3-Q046=\":443\"; ma=2592000,h3-Q043=\":443\"; ma=2592000,quic=\":443\"; ma=2592000; v=\"46,43\"","accept-ranges":"none","transfer-encoding":"chunked"}
[info] 
[info] === Deploying to 'hotblock-48cbf'...
[info] 
[info] i  deploying hosting 
[debug] [2020-10-20T16:56:49.884Z] >>> HTTP REQUEST POST https://firebasehosting.googleapis.com/v1beta1/sites/hotblock-48cbf/versions  
 {"config":{"rewrites":[{"glob":"**","path":"/index.html"}]},"labels":{"deployment-tool":"cli-firebase"}}
[debug] [2020-10-20T16:56:54.707Z] <<< HTTP RESPONSE 200 {"content-type":"application/json; charset=UTF-8","vary":"X-Origin, Referer, Origin,Accept-Encoding","date":"Tue, 20 Oct 2020 16:56:54 GMT","server":"ESF","cache-control":"private","x-xss-protection":"0","x-frame-options":"SAMEORIGIN","x-content-type-options":"nosniff","alt-svc":"h3-Q050=\":443\"; ma=2592000,h3-29=\":443\"; ma=2592000,h3-27=\":443\"; ma=2592000,h3-T051=\":443\"; ma=2592000,h3-T050=\":443\"; ma=2592000,h3-Q046=\":443\"; ma=2592000,h3-Q043=\":443\"; ma=2592000,quic=\":443\"; ma=2592000; v=\"46,43\"","accept-ranges":"none","transfer-encoding":"chunked"}
[info] i  hosting[hotblock-48cbf]: beginning deploy... 
[info] i  hosting[hotblock-48cbf]: found 61 files in build 
[debug] [2020-10-20T16:56:58.646Z] [hosting] hash cache [YnVpbGQ] stored for 61 files
[debug] [2020-10-20T16:56:58.647Z] [hosting][hash queue][FINAL] {"max":3707,"min":76,"avg":219.00000000000006,"active":0,"complete":61,"success":61,"errored":0,"retried":0,"total":61,"elapsed":3730}
[debug] [2020-10-20T16:56:58.648Z] >>> HTTP REQUEST POST https://firebasehosting.googleapis.com/v1beta1/sites/hotblock-48cbf/versions/4ee5195672f83bb7:populateFiles  
 <request body omitted>
[debug] [2020-10-20T16:57:02.799Z] <<< HTTP RESPONSE 200 {"content-type":"application/json; charset=UTF-8","vary":"X-Origin, Referer, Origin,Accept-Encoding","date":"Tue, 20 Oct 2020 16:57:02 GMT","server":"ESF","cache-control":"private","x-xss-protection":"0","x-frame-options":"SAMEORIGIN","x-content-type-options":"nosniff","alt-svc":"h3-Q050=\":443\"; ma=2592000,h3-29=\":443\"; ma=2592000,h3-27=\":443\"; ma=2592000,h3-T051=\":443\"; ma=2592000,h3-T050=\":443\"; ma=2592000,h3-Q046=\":443\"; ma=2592000,h3-Q043=\":443\"; ma=2592000,quic=\":443\"; ma=2592000; v=\"46,43\"","accept-ranges":"none","transfer-encoding":"chunked"}
[debug] [2020-10-20T16:57:02.814Z] [hosting][populate queue][FINAL] {"max":4163,"min":4163,"avg":4163,"active":0,"complete":1,"success":1,"errored":0,"retried":0,"total":1,"elapsed":4174}
[debug] [2020-10-20T16:57:02.815Z] [hosting] uploads queued: 8
[debug] [2020-10-20T16:59:23.548Z] [uploadQueue] Retrying task c5119edc1c52d290a0627c67a531932cf6cb226470d8f02c6c456b3de0da3f0c
[debug] [2020-10-20T17:02:26.243Z] [uploadQueue] Retrying task c5119edc1c52d290a0627c67a531932cf6cb226470d8f02c6c456b3de0da3f0c
